<?xml version="1.0" encoding="UTF-8"?>
<!-- Generated by org.testng.reporters.JUnitReportReporter -->
<testsuite hostname="DESKTOP-P7FBO29" failures="0" tests="2" name="OrangeHRM_TestNG_POM.OrangeHRM_TestNG_POM.test_cases.class1" time="0.000" errors="0" timestamp="2024-06-03T16:53:24 IST" skipped="0">
  <testcase classname="OrangeHRM_TestNG_POM.OrangeHRM_TestNG_POM.test_cases.class1" name="Test1" time="0.000"/>
  <testcase classname="OrangeHRM_TestNG_POM.OrangeHRM_TestNG_POM.test_cases.class1" name="Test2" time="0.000"/>
</testsuite> <!-- OrangeHRM_TestNG_POM.OrangeHRM_TestNG_POM.test_cases.class1 -->
